<?xml version="1.0" encoding="UTF-8"?>
<testng-results ignored="0" total="1" passed="1" failed="0" skipped="0">
  <reporter-output>
  </reporter-output>
  <suite started-at="2022-12-07T09:57:43 IST" name="Default suite" finished-at="2022-12-07T09:58:03 IST" duration-ms="19921">
    <groups>
    </groups>
    <test started-at="2022-12-07T09:57:43 IST" name="Default test" finished-at="2022-12-07T09:58:03 IST" duration-ms="19921">
      <class name="com.hrm.TYSS.Leave.CreateLeaveTest">
        <test-method is-config="true" signature="LaunchTheBrowser()[pri:0, instance:com.hrm.TYSS.Leave.CreateLeaveTest@1e1a0406]" started-at="2022-12-07T09:57:43 IST" name="LaunchTheBrowser" finished-at="2022-12-07T09:57:54 IST" duration-ms="10528" status="PASS">
          <reporter-output>
          </reporter-output>
        </test-method> <!-- LaunchTheBrowser -->
        <test-method is-config="true" signature="LoginToApplication()[pri:0, instance:com.hrm.TYSS.Leave.CreateLeaveTest@1e1a0406]" started-at="2022-12-07T09:57:54 IST" name="LoginToApplication" finished-at="2022-12-07T09:57:55 IST" duration-ms="1139" status="PASS">
          <reporter-output>
          </reporter-output>
        </test-method> <!-- LoginToApplication -->
        <test-method signature="CreateLeave()[pri:0, instance:com.hrm.TYSS.Leave.CreateLeaveTest@1e1a0406]" started-at="2022-12-07T09:57:55 IST" name="CreateLeave" finished-at="2022-12-07T09:58:02 IST" duration-ms="6704" status="PASS">
          <reporter-output>
          </reporter-output>
        </test-method> <!-- CreateLeave -->
        <test-method is-config="true" signature="LogoutFromApplication()[pri:0, instance:com.hrm.TYSS.Leave.CreateLeaveTest@1e1a0406]" started-at="2022-12-07T09:58:02 IST" name="LogoutFromApplication" finished-at="2022-12-07T09:58:03 IST" duration-ms="1021" status="PASS">
          <reporter-output>
          </reporter-output>
        </test-method> <!-- LogoutFromApplication -->
        <test-method is-config="true" signature="CloseTheBrowser()[pri:0, instance:com.hrm.TYSS.Leave.CreateLeaveTest@1e1a0406]" started-at="2022-12-07T09:58:03 IST" name="CloseTheBrowser" finished-at="2022-12-07T09:58:03 IST" duration-ms="461" status="PASS">
          <reporter-output>
          </reporter-output>
        </test-method> <!-- CloseTheBrowser -->
      </class> <!-- com.hrm.TYSS.Leave.CreateLeaveTest -->
    </test> <!-- Default test -->
  </suite> <!-- Default suite -->
</testng-results>
